<?xml version="1.0" encoding="UTF-8"?>
<testsuite name="Cucumber" time="15.41" tests="3" skipped="0" failures="0" errors="0">
<testcase classname="My Project Document" name="Amazon userid test scenario" time="9.91">
<system-out><![CDATA[
Given browser "chrome" is open url is "http://www.amazon.in"................passed
And click on signin.........................................................passed
When enter valid userid "paragguide@yahoo.co.in"............................passed
And click continue button...................................................passed
Then password textbox must come.............................................passed
]]></system-out>
</testcase>
<testcase classname="My Project Document" name=" - Example #1.1" time="2.597">
<system-out><![CDATA[
Given I went to http://www.google.com.......................................passed
When I search the pizza.....................................................passed
Then result must come.......................................................passed
]]></system-out>
</testcase>
<testcase classname="My Project Document" name=" - Example #1.2" time="2.69">
<system-out><![CDATA[
Given I went to http://www.google.com.......................................passed
When I search the burger....................................................passed
Then result must come.......................................................passed
]]></system-out>
</testcase>
</testsuite>
